<?xml version="1.0" encoding="UTF-8"?>
<!-- Generated by org.testng.reporters.JUnitReportReporter -->
<testsuite hostname="DESKTOP-PAO42TD" name="PraticeTest.RestAssured.PatchRequestTest" tests="1" failures="0" timestamp="28 Sep 2019 05:08:16 GMT" time="1.896" errors="0">
  <testcase name="AddData" time="1.896" classname="PraticeTest.RestAssured.PatchRequestTest"/>
</testsuite> <!-- PraticeTest.RestAssured.PatchRequestTest -->
