<?xml version="1.0" encoding="UTF-8"?>
<!-- Generated by org.testng.reporters.JUnitReportReporter -->
<testsuite hostname="DESKTOP-PAO42TD" name="PraticeTest.Demo" tests="1" failures="0" timestamp="22 Sep 2019 05:02:48 GMT" time="0.029" errors="0">
  <testcase name="m1" time="0.029" classname="PraticeTest.Demo"/>
</testsuite> <!-- PraticeTest.Demo -->
