<?xml version="1.0" encoding="UTF-8"?>
<!-- Generated by org.testng.reporters.JUnitReportReporter -->
<testsuite hostname="DESKTOP-PAO42TD" name="com.api.testScripts.FetchData" tests="1" failures="0" timestamp="5 Oct 2019 07:52:51 GMT" time="5.262" errors="0">
  <testcase name="getPosts" time="5.262" classname="com.api.testScripts.FetchData"/>
</testsuite> <!-- com.api.testScripts.FetchData -->
