<?xml version="1.0" encoding="UTF-8"?>
<!-- Generated by org.testng.reporters.JUnitReportReporter -->
<testsuite hostname="DESKTOP-PAO42TD" name="com.api.testScripts.PostData" tests="1" failures="0" timestamp="5 Oct 2019 07:18:38 GMT" time="4.658" errors="0">
  <testcase name="createResource" time="4.658" classname="com.api.testScripts.PostData"/>
</testsuite> <!-- com.api.testScripts.PostData -->
