<?xml version="1.0" encoding="UTF-8"?>
<!-- Generated by org.testng.reporters.JUnitReportReporter -->
<testsuite hostname="DESKTOP-PAO42TD" name="PraticeTest.RestAssured.PutRequestTest" tests="1" failures="0" timestamp="28 Sep 2019 05:05:25 GMT" time="2.042" errors="0">
  <testcase name="AddData" time="2.042" classname="PraticeTest.RestAssured.PutRequestTest"/>
</testsuite> <!-- PraticeTest.RestAssured.PutRequestTest -->
